# JRE version: OpenJDK Runtime Environment (8.0_242-b01) (build 1.8.0_242-release-1644-b01)
# Java VM: OpenJDK 64-Bit Server VM (25.242-b01 mixed mode windows-amd64 compressed oops)
Heap:
 PSYoungGen      total 305664K, used 132528K [0x00000000d5580000, 0x00000000ec500000, 0x0000000100000000)
  eden space 261632K, 45% used [0x00000000d5580000,0x00000000dcaf10e8,0x00000000e5500000)
  from space 44032K, 27% used [0x00000000e5500000,0x00000000e60fb110,0x00000000e8000000)
  to   space 42496K, 0% used [0x00000000e9b80000,0x00000000e9b80000,0x00000000ec500000)
 ParOldGen       total 244736K, used 65118K [0x0000000080000000, 0x000000008ef00000, 0x00000000d5580000)
  object space 244736K, 26% used [0x0000000080000000,0x0000000083f97bc8,0x000000008ef00000)
 Metaspace       used 109526K, capacity 116104K, committed 116400K, reserved 1150976K
  class space    used 14230K, capacity 15456K, committed 15536K, reserved 1048576K
GC Heap History (10 events):
Event: 9763.290 GC heap before
{Heap before GC invocations=25 (full 4):
 PSYoungGen      total 239104K, used 197088K [0x00000000d5580000, 0x00000000e8180000, 0x0000000100000000)
  eden space 184832K, 100% used [0x00000000d5580000,0x00000000e0a00000,0x00000000e0a00000)
  from space 54272K, 22% used [0x00000000e3d00000,0x00000000e48f8120,0x00000000e7200000)
  to   space 52224K, 0% used [0x00000000e0a00000,0x00000000e0a00000,0x00000000e3d00000)
 ParOldGen       total 244736K, used 65078K [0x0000000080000000, 0x000000008ef00000, 0x00000000d5580000)
  object space 244736K, 26% used [0x0000000080000000,0x0000000083f8dbc8,0x000000008ef00000)
 Metaspace       used 105173K, capacity 110978K, committed 111280K, reserved 1144832K
  class space    used 13825K, capacity 14938K, committed 15024K, reserved 1048576K
Event: 9763.460 GC heap after
Heap after GC invocations=25 (full 4):
 PSYoungGen      total 237056K, used 15018K [0x00000000d5580000, 0x00000000e8e00000, 0x0000000100000000)
  eden space 184832K, 0% used [0x00000000d5580000,0x00000000d5580000,0x00000000e0a00000)
  from space 52224K, 28% used [0x00000000e0a00000,0x00000000e18aa8e8,0x00000000e3d00000)
  to   space 49664K, 0% used [0x00000000e5d80000,0x00000000e5d80000,0x00000000e8e00000)
 ParOldGen       total 244736K, used 65086K [0x0000000080000000, 0x000000008ef00000, 0x00000000d5580000)
  object space 244736K, 26% used [0x0000000080000000,0x0000000083f8fbc8,0x000000008ef00000)
 Metaspace       used 105173K, capacity 110978K, committed 111280K, reserved 1144832K
  class space    used 13825K, capacity 14938K, committed 15024K, reserved 1048576K
}
Event: 9768.152 GC heap before
{Heap before GC invocations=26 (full 4):
 PSYoungGen      total 237056K, used 199850K [0x00000000d5580000, 0x00000000e8e00000, 0x0000000100000000)
  eden space 184832K, 100% used [0x00000000d5580000,0x00000000e0a00000,0x00000000e0a00000)
  from space 52224K, 28% used [0x00000000e0a00000,0x00000000e18aa8e8,0x00000000e3d00000)
  to   space 49664K, 0% used [0x00000000e5d80000,0x00000000e5d80000,0x00000000e8e00000)
 ParOldGen       total 244736K, used 65086K [0x0000000080000000, 0x000000008ef00000, 0x00000000d5580000)
  object space 244736K, 26% used [0x0000000080000000,0x0000000083f8fbc8,0x000000008ef00000)
 Metaspace       used 105479K, capacity 111300K, committed 111536K, reserved 1146880K
  class space    used 13838K, capacity 14949K, committed 15024K, reserved 1048576K
Event: 9768.219 GC heap after
Heap after GC invocations=26 (full 4):
 PSYoungGen      total 268288K, used 16414K [0x00000000d5580000, 0x00000000e8a80000, 0x0000000100000000)
  eden space 222208K, 0% used [0x00000000d5580000,0x00000000d5580000,0x00000000e2e80000)
  from space 46080K, 35% used [0x00000000e5d80000,0x00000000e6d87b68,0x00000000e8a80000)
  to   space 47104K, 0% used [0x00000000e2e80000,0x00000000e2e80000,0x00000000e5c80000)
 ParOldGen       total 244736K, used 65094K [0x0000000080000000, 0x000000008ef00000, 0x00000000d5580000)
  object space 244736K, 26% used [0x0000000080000000,0x0000000083f91bc8,0x000000008ef00000)
 Metaspace       used 105479K, capacity 111300K, committed 111536K, reserved 1146880K
  class space    used 13838K, capacity 14949K, committed 15024K, reserved 1048576K
}
Event: 9781.990 GC heap before
{Heap before GC invocations=27 (full 4):
 PSYoungGen      total 268288K, used 238622K [0x00000000d5580000, 0x00000000e8a80000, 0x0000000100000000)
  eden space 222208K, 100% used [0x00000000d5580000,0x00000000e2e80000,0x00000000e2e80000)
  from space 46080K, 35% used [0x00000000e5d80000,0x00000000e6d87b68,0x00000000e8a80000)
  to   space 47104K, 0% used [0x00000000e2e80000,0x00000000e2e80000,0x00000000e5c80000)
 ParOldGen       total 244736K, used 65094K [0x0000000080000000, 0x000000008ef00000, 0x00000000d5580000)
  object space 244736K, 26% used [0x0000000080000000,0x0000000083f91bc8,0x000000008ef00000)
 Metaspace       used 105704K, capacity 111568K, committed 111792K, reserved 1146880K
  class space    used 13845K, capacity 14961K, committed 15024K, reserved 1048576K
Event: 9782.166 GC heap after
Heap after GC invocations=27 (full 4):
 PSYoungGen      total 269312K, used 23122K [0x00000000d5580000, 0x00000000eb480000, 0x0000000100000000)
  eden space 222208K, 0% used [0x00000000d5580000,0x00000000d5580000,0x00000000e2e80000)
  from space 47104K, 49% used [0x00000000e2e80000,0x00000000e4514a88,0x00000000e5c80000)
  to   space 46080K, 0% used [0x00000000e8780000,0x00000000e8780000,0x00000000eb480000)
 ParOldGen       total 244736K, used 65102K [0x0000000080000000, 0x000000008ef00000, 0x00000000d5580000)
  object space 244736K, 26% used [0x0000000080000000,0x0000000083f93bc8,0x000000008ef00000)
 Metaspace       used 105704K, capacity 111568K, committed 111792K, reserved 1146880K
  class space    used 13845K, capacity 14961K, committed 15024K, reserved 1048576K
}
Event: 11265.688 GC heap before
{Heap before GC invocations=28 (full 4):
 PSYoungGen      total 269312K, used 245330K [0x00000000d5580000, 0x00000000eb480000, 0x0000000100000000)
  eden space 222208K, 100% used [0x00000000d5580000,0x00000000e2e80000,0x00000000e2e80000)
  from space 47104K, 49% used [0x00000000e2e80000,0x00000000e4514a88,0x00000000e5c80000)
  to   space 46080K, 0% used [0x00000000e8780000,0x00000000e8780000,0x00000000eb480000)
 ParOldGen       total 244736K, used 65102K [0x0000000080000000, 0x000000008ef00000, 0x00000000d5580000)
  object space 244736K, 26% used [0x0000000080000000,0x0000000083f93bc8,0x000000008ef00000)
 Metaspace       used 106556K, capacity 112570K, committed 112688K, reserved 1146880K
  class space    used 13889K, capacity 15040K, committed 15152K, reserved 1048576K
Event: 11266.962 GC heap after
Heap after GC invocations=28 (full 4):
 PSYoungGen      total 297984K, used 15291K [0x00000000d5580000, 0x00000000eab00000, 0x0000000100000000)
  eden space 261632K, 0% used [0x00000000d5580000,0x00000000d5580000,0x00000000e5500000)
  from space 36352K, 42% used [0x00000000e8780000,0x00000000e966ef00,0x00000000eab00000)
  to   space 44032K, 0% used [0x00000000e5500000,0x00000000e5500000,0x00000000e8000000)
 ParOldGen       total 244736K, used 65110K [0x0000000080000000, 0x000000008ef00000, 0x00000000d5580000)
  object space 244736K, 26% used [0x0000000080000000,0x0000000083f95bc8,0x000000008ef00000)
 Metaspace       used 106556K, capacity 112570K, committed 112688K, reserved 1146880K
  class space    used 13889K, capacity 15040K, committed 15152K, reserved 1048576K
}
Event: 14205.684 GC heap before
{Heap before GC invocations=29 (full 4):
 PSYoungGen      total 297984K, used 276923K [0x00000000d5580000, 0x00000000eab00000, 0x0000000100000000)
  eden space 261632K, 100% used [0x00000000d5580000,0x00000000e5500000,0x00000000e5500000)
  from space 36352K, 42% used [0x00000000e8780000,0x00000000e966ef00,0x00000000eab00000)
  to   space 44032K, 0% used [0x00000000e5500000,0x00000000e5500000,0x00000000e8000000)
 ParOldGen       total 244736K, used 65110K [0x0000000080000000, 0x000000008ef00000, 0x00000000d5580000)
  object space 244736K, 26% used [0x0000000080000000,0x0000000083f95bc8,0x000000008ef00000)
 Metaspace       used 106997K, capacity 113130K, committed 113456K, reserved 1146880K
  class space    used 13906K, capacity 15064K, committed 15152K, reserved 1048576K
Event: 14207.137 GC heap after
Heap after GC invocations=29 (full 4):
 PSYoungGen      total 305664K, used 12268K [0x00000000d5580000, 0x00000000ec500000, 0x0000000100000000)
  eden space 261632K, 0% used [0x00000000d5580000,0x00000000d5580000,0x00000000e5500000)
  from space 44032K, 27% used [0x00000000e5500000,0x00000000e60fb110,0x00000000e8000000)
  to   space 42496K, 0% used [0x00000000e9b80000,0x00000000e9b80000,0x00000000ec500000)
 ParOldGen       total 244736K, used 65118K [0x0000000080000000, 0x000000008ef00000, 0x00000000d5580000)
  object space 244736K, 26% used [0x0000000080000000,0x0000000083f97bc8,0x000000008ef00000)
 Metaspace       used 106997K, capacity 113130K, committed 113456K, reserved 1146880K
  class space    used 13906K, capacity 15064K, committed 15152K, reserved 1048576K
}

